<?xml version="1.0" encoding="UTF-8"?>
<!-- Generated by org.testng.reporters.JUnitReportReporter -->
<testsuite hostname="LAPTOP-VOLT5L75" failures="0" tests="1" name="demoPackage.TestNG_Demo2" time="27.798" errors="0" timestamp="2020-01-05T01:15:15 IST" skipped="0">
  <testcase classname="demoPackage.TestNG_Demo2" name="googleSearch5" time="27.798"/>
  <system-out/>
</testsuite> <!-- demoPackage.TestNG_Demo2 -->
