<?xml version="1.0" encoding="UTF-8"?>
<!-- Generated by org.testng.reporters.JUnitReportReporter -->
<testsuite hostname="LAPTOP-VOLT5L75" failures="0" tests="1" name="TestNG.TestNG_Parameters" time="0.000" errors="0" timestamp="2020-01-06T22:41:24 IST" skipped="0">
  <testcase classname="TestNG.TestNG_Parameters" name="test" time="0.000"/>
  <system-out/>
</testsuite> <!-- TestNG.TestNG_Parameters -->
