<?xml version="1.0" encoding="UTF-8"?>
<!-- Generated by org.testng.reporters.JUnitReportReporter -->
<testsuite hostname="LAPTOP-VOLT5L75" failures="0" tests="3" name="TestNG.TestNG_FailedTestCase" time="0.014" errors="0" timestamp="2020-01-07T00:28:54 IST" skipped="0">
  <testcase classname="TestNG.TestNG_FailedTestCase" name="test2" time="0.002"/>
  <system-out/>
  <testcase classname="TestNG.TestNG_FailedTestCase" name="test3" time="0.001"/>
  <system-out/>
  <testcase classname="TestNG.TestNG_FailedTestCase" name="test1" time="0.011"/>
  <system-out/>
</testsuite> <!-- TestNG.TestNG_FailedTestCase -->
