<?xml version="1.0" encoding="UTF-8"?>
<!-- Generated by org.testng.reporters.JUnitReportReporter -->
<testsuite hostname="LAPTOP-VOLT5L75" failures="0" tests="3" name="TestNG.Priority_Demo" time="0.000" errors="0" timestamp="2020-01-06T20:11:47 IST" skipped="0">
  <testcase classname="TestNG.Priority_Demo" name="taar" time="0.000"/>
  <system-out/>
  <testcase classname="TestNG.Priority_Demo" name="tart" time="0.000"/>
  <system-out/>
  <testcase classname="TestNG.Priority_Demo" name="tara" time="0.000"/>
  <system-out/>
</testsuite> <!-- TestNG.Priority_Demo -->
