<?xml version="1.0" encoding="UTF-8"?>
<!-- Generated by org.testng.reporters.JUnitReportReporter -->
<testsuite hostname="LAPTOP-VOLT5L75" failures="0" tests="1" name="TestNG.Test1HRMLogin" time="18.633" errors="0" timestamp="2020-01-07T01:03:13 IST" skipped="0">
  <testcase classname="TestNG.Test1HRMLogin" name="test1HRMLogin" time="18.633"/>
  <system-out/>
</testsuite> <!-- TestNG.Test1HRMLogin -->
