<?xml version="1.0" encoding="UTF-8"?>
<!-- Generated by org.testng.reporters.JUnitReportReporter -->
<testsuite hostname="LAPTOP-VOLT5L75" failures="0" tests="3" name="Utils.ExcelDataProvider" time="20.503" errors="0" timestamp="2020-01-06T14:58:26 IST" skipped="0">
  <testcase classname="Utils.ExcelDataProvider" name="test1" time="8.085"/>
  <system-out/>
  <testcase classname="Utils.ExcelDataProvider" name="test1" time="9.227"/>
  <system-out/>
  <testcase classname="Utils.ExcelDataProvider" name="test1" time="3.191"/>
  <system-out/>
</testsuite> <!-- Utils.ExcelDataProvider -->
