<?xml version="1.0" encoding="UTF-8"?>
<!-- Generated by org.testng.reporters.JUnitReportReporter -->
<testsuite hostname="LAPTOP-VOLT5L75" failures="0" tests="6" name="TestNG.TestNGGroupDemo" time="0.015" errors="0" timestamp="2020-01-07T13:07:23 IST" skipped="0">
  <testcase classname="TestNG.TestNGGroupDemo" name="test2" time="0.001"/>
  <system-out/>
  <testcase classname="TestNG.TestNGGroupDemo" name="test3" time="0.001"/>
  <system-out/>
  <testcase classname="TestNG.TestNGGroupDemo" name="test5" time="0.001"/>
  <system-out/>
  <testcase classname="TestNG.TestNGGroupDemo" name="test6" time="0.001"/>
  <system-out/>
  <testcase classname="TestNG.TestNGGroupDemo" name="test1" time="0.010"/>
  <system-out/>
  <testcase classname="TestNG.TestNGGroupDemo" name="test4" time="0.001"/>
  <system-out/>
</testsuite> <!-- TestNG.TestNGGroupDemo -->
