<?xml version="1.0" encoding="UTF-8"?>
<!-- Generated by org.testng.reporters.JUnitReportReporter -->
<testsuite hostname="LAPTOP-VOLT5L75" failures="0" tests="3" name="TestNG.TestNG_Dependancies" time="0.019" errors="0" timestamp="2020-01-06T23:48:54 IST" skipped="0">
  <testcase classname="TestNG.TestNG_Dependancies" name="test2" time="0.013"/>
  <system-out/>
  <testcase classname="TestNG.TestNG_Dependancies" name="test3" time="0.004"/>
  <system-out/>
  <testcase classname="TestNG.TestNG_Dependancies" name="test1" time="0.002"/>
  <system-out/>
</testsuite> <!-- TestNG.TestNG_Dependancies -->
