<?xml version="1.0" encoding="UTF-8"?>
<!-- Generated by org.testng.reporters.JUnitReportReporter -->
<testsuite hostname="LAPTOP-VOLT5L75" failures="0" tests="2" name="TestNG.TestNG_IgnoreTest" time="0.010" errors="0" timestamp="2020-01-06T23:51:54 IST" skipped="1">
  <testcase classname="TestNG.TestNG_IgnoreTest" name="test2" time="0.010"/>
  <system-out/>
  <testcase classname="TestNG.TestNG_IgnoreTest" name="test1">
    <skipped/>
  </testcase> <!-- test1 -->
  <system-out/>
</testsuite> <!-- TestNG.TestNG_IgnoreTest -->
